\BOOKMARK [0][-]{chapter.1}{\376\377\000M\000e\000c\000h\000a\000n\000i\000s\000m\000\040\000D\000e\000s\000i\000g\000n}{}% 1
\BOOKMARK [1][-]{section.1.1}{\376\377\000S\000t\000r\000u\000c\000t\000u\000r\000a\000l\000\040\000D\000e\000s\000i\000g\000n}{chapter.1}% 2
\BOOKMARK [1][-]{section.1.2}{\376\377\000W\000o\000r\000k\000s\000p\000a\000c\000e\000\040\000a\000n\000d\000\040\000L\000i\000n\000k\000-\000L\000e\000n\000g\000t\000h\000\040\000S\000e\000l\000e\000c\000t\000i\000o\000n}{chapter.1}% 3
\BOOKMARK [0][-]{chapter.2}{\376\377\000F\000o\000r\000w\000a\000r\000d\000\040\000K\000i\000n\000e\000m\000a\000t\000i\000c\000s}{}% 4
\BOOKMARK [1][-]{section.2.1}{\376\377\000G\000e\000o\000m\000e\000t\000r\000i\000c\000\040\000F\000o\000r\000m\000u\000l\000a\000t\000i\000o\000n}{chapter.2}% 5
\BOOKMARK [1][-]{section.2.2}{\376\377\000M\000A\000T\000L\000A\000B\000\040\000S\000i\000m\000u\000l\000a\000t\000i\000o\000n}{chapter.2}% 6
\BOOKMARK [1][-]{section.2.3}{\376\377\000I\000s\000s\000u\000e\000\040\000o\000f\000\040\000E\000n\000d\000-\000E\000f\000f\000e\000c\000t\000o\000r\000\040\000D\000i\000s\000c\000o\000n\000t\000i\000n\000u\000i\000t\000y}{chapter.2}% 7
\BOOKMARK [0][-]{chapter.3}{\376\377\000I\000n\000v\000e\000r\000s\000e\000\040\000K\000i\000n\000e\000m\000a\000t\000i\000c\000s}{}% 8
\BOOKMARK [1][-]{section.3.1}{\376\377\000G\000e\000o\000m\000e\000t\000r\000i\000c\000\040\000D\000e\000r\000i\000v\000a\000t\000i\000o\000n}{chapter.3}% 9
\BOOKMARK [1][-]{section.3.2}{\376\377\000F\000e\000a\000s\000i\000b\000l\000e\000\040\000I\000K\000\040\000S\000e\000t\000s}{chapter.3}% 10
\BOOKMARK [1][-]{section.3.3}{\376\377\000T\000r\000a\000j\000e\000c\000t\000o\000r\000y\000\040\000T\000r\000a\000c\000k\000i\000n\000g}{chapter.3}% 11
\BOOKMARK [2][-]{subsection.3.3.1}{\376\377\000C\000i\000r\000c\000u\000l\000a\000r\000\040\000t\000r\000a\000j\000e\000c\000t\000o\000r\000y\000\040\000\050\000d\000i\000a\000m\000e\000t\000e\000r\000:\000\040\0002\000\040\000c\000m\000\051}{section.3.3}% 12
\BOOKMARK [2][-]{subsection.3.3.2}{\376\377\000S\000q\000u\000a\000r\000e\000\040\000t\000r\000a\000j\000e\000c\000t\000o\000r\000y\000\040\000\050\000s\000i\000d\000e\000\040\000l\000e\000n\000g\000t\000h\000:\000\040\0002\000\040\000c\000m\000\051}{section.3.3}% 13
\BOOKMARK [0][-]{chapter.4}{\376\377\0003\000D\000\040\000C\000A\000D\000\040\000M\000o\000d\000e\000l\000i\000n\000g\000\040\000a\000n\000d\000\040\000S\000t\000r\000u\000c\000t\000u\000r\000a\000l\000\040\000A\000n\000a\000l\000y\000s\000i\000s}{}% 14
\BOOKMARK [1][-]{section.4.1}{\376\377\000C\000A\000D\000\040\000A\000s\000s\000e\000m\000b\000l\000y}{chapter.4}% 15
\BOOKMARK [1][-]{section.4.2}{\376\377\000K\000e\000y\000\040\000C\000o\000n\000n\000e\000c\000t\000i\000o\000n\000\040\000D\000e\000t\000a\000i\000l\000s}{chapter.4}% 16
\BOOKMARK [1][-]{section.4.3}{\376\377\000B\000i\000l\000l\000\040\000o\000f\000\040\000M\000a\000t\000e\000r\000i\000a\000l\000s}{chapter.4}% 17
\BOOKMARK [1][-]{section.4.4}{\376\377\000S\000t\000r\000u\000c\000t\000u\000r\000a\000l\000\040\000S\000t\000a\000t\000i\000c\000\040\000A\000n\000a\000l\000y\000s\000i\000s}{chapter.4}% 18
\BOOKMARK [2][-]{subsection.4.4.1}{\376\377\000S\000t\000r\000e\000s\000s\000\040\000A\000n\000a\000l\000y\000s\000i\000s}{section.4.4}% 19
\BOOKMARK [2][-]{subsection.4.4.2}{\376\377\000D\000i\000s\000p\000l\000a\000c\000e\000m\000e\000n\000t\000\040\000A\000n\000a\000l\000y\000s\000i\000s}{section.4.4}% 20
\BOOKMARK [1][-]{section.4.5}{\376\377\000C\000o\000n\000c\000l\000u\000s\000i\000o\000n}{chapter.4}% 21
\BOOKMARK [0][-]{appendix.A}{\376\377\000C\000o\000d\000e}{}% 22
\BOOKMARK [1][-]{section.A.1}{\376\377\000C\000o\000n\000f\000i\000g\000u\000r\000a\000t\000i\000o\000n}{appendix.A}% 23
\BOOKMARK [1][-]{section.A.2}{\376\377\000F\000o\000r\000w\000a\000r\000d\000\040\000K\000i\000n\000e\000m\000a\000t\000i\000c\000s}{appendix.A}% 24
\BOOKMARK [1][-]{section.A.3}{\376\377\000I\000n\000v\000e\000r\000s\000e\000\040\000K\000i\000n\000e\000m\000a\000t\000i\000c\000s}{appendix.A}% 25
\BOOKMARK [0][-]{appendix.B}{\376\377\000G\000r\000o\000u\000p\000\040\000M\000e\000m\000b\000e\000r\000\040\000C\000o\000n\000t\000r\000i\000b\000u\000t\000i\000o\000n\000\040\000a\000n\000d\000\040\000P\000e\000e\000r\000\040\000R\000e\000v\000i\000e\000w}{}% 26
